c:\users\drago\desktop\game programming\students\alvin.tang\ja2dpsg\framework\bin\vc141.pdb
c:\users\drago\desktop\game programming\students\alvin.tang\ja2dpsg\framework\bin\vc141.idb
c:\users\drago\desktop\game programming\students\alvin.tang\ja2dpsg\framework\bin\iniparser.obj
c:\users\drago\desktop\game programming\students\alvin.tang\ja2dpsg\framework\bin\hand.obj
c:\users\drago\desktop\game programming\students\alvin.tang\ja2dpsg\framework\bin\entity.obj
c:\users\drago\desktop\game programming\students\alvin.tang\ja2dpsg\framework\bin\enemystillstate.obj
c:\users\drago\desktop\game programming\students\alvin.tang\ja2dpsg\framework\bin\enemyheadparticle.obj
c:\users\drago\desktop\game programming\students\alvin.tang\ja2dpsg\framework\bin\enemyfindweaponstate.obj
c:\users\drago\desktop\game programming\students\alvin.tang\ja2dpsg\framework\bin\enemydeathparticlesystem.obj
c:\users\drago\desktop\game programming\students\alvin.tang\ja2dpsg\framework\bin\enemydeathparticle.obj
c:\users\drago\desktop\game programming\students\alvin.tang\ja2dpsg\framework\bin\enemydeadstate.obj
c:\users\drago\desktop\game programming\students\alvin.tang\ja2dpsg\framework\bin\enemy.obj
c:\users\drago\desktop\game programming\students\alvin.tang\ja2dpsg\framework\bin\debugui.obj
c:\users\drago\desktop\game programming\students\alvin.tang\ja2dpsg\framework\bin\character.obj
c:\users\drago\desktop\game programming\students\alvin.tang\ja2dpsg\framework\bin\button.obj
c:\users\drago\desktop\game programming\students\alvin.tang\ja2dpsg\framework\bin\bullet.obj
c:\users\drago\desktop\game programming\students\alvin.tang\ja2dpsg\framework\bin\box.obj
c:\users\drago\desktop\game programming\students\alvin.tang\ja2dpsg\framework\bin\bloodexplosion.obj
c:\users\drago\desktop\game programming\students\alvin.tang\ja2dpsg\framework\bin\blackboard.obj
c:\users\drago\desktop\game programming\students\alvin.tang\ja2dpsg\framework\bin\ball.obj
c:\users\drago\desktop\game programming\students\alvin.tang\ja2dpsg\framework\bin\backbuffer.obj
c:\users\drago\desktop\game programming\students\alvin.tang\ja2dpsg\framework\bin\animatedsprite.obj
c:\users\drago\desktop\game programming\students\alvin.tang\ja2dpsg\framework\bin\soundmanager.obj
c:\users\drago\desktop\game programming\students\alvin.tang\ja2dpsg\framework\bin\reticle.obj
c:\users\drago\desktop\game programming\students\alvin.tang\ja2dpsg\framework\bin\player.obj
c:\users\drago\desktop\game programming\students\alvin.tang\ja2dpsg\framework\bin\platform.obj
c:\users\drago\desktop\game programming\students\alvin.tang\ja2dpsg\framework\bin\pistol.obj
c:\users\drago\desktop\game programming\students\alvin.tang\ja2dpsg\framework\bin\pickupsensor.obj
c:\users\drago\desktop\game programming\students\alvin.tang\ja2dpsg\framework\bin\particleemitter.obj
c:\users\drago\desktop\game programming\students\alvin.tang\ja2dpsg\framework\bin\particle.obj
c:\users\drago\desktop\game programming\students\alvin.tang\ja2dpsg\framework\bin\myutility.obj
c:\users\drago\desktop\game programming\students\alvin.tang\ja2dpsg\framework\bin\mycontactlistener.obj
c:\users\drago\desktop\game programming\students\alvin.tang\ja2dpsg\framework\bin\main.obj
c:\users\drago\desktop\game programming\students\alvin.tang\ja2dpsg\framework\bin\logmanager.obj
c:\users\drago\desktop\game programming\students\alvin.tang\ja2dpsg\framework\bin\inputhandler.obj
c:\users\drago\desktop\game programming\students\alvin.tang\ja2dpsg\framework\bin\gun.obj
c:\users\drago\desktop\game programming\students\alvin.tang\ja2dpsg\framework\bin\global.obj
c:\users\drago\desktop\game programming\students\alvin.tang\ja2dpsg\framework\bin\game.obj
c:\users\drago\desktop\game programming\students\alvin.tang\ja2dpsg\framework\bin\objectpool.obj
c:\users\drago\desktop\game programming\students\alvin.tang\ja2dpsg\framework\bin\melee.obj
c:\users\drago\desktop\game programming\students\alvin.tang\ja2dpsg\framework\bin\mainmenu.obj
c:\users\drago\desktop\game programming\students\alvin.tang\ja2dpsg\framework\bin\levelmanager.obj
c:\users\drago\desktop\game programming\students\alvin.tang\ja2dpsg\framework\bin\weapon.obj
c:\users\drago\desktop\game programming\students\alvin.tang\ja2dpsg\framework\bin\vector2.obj
c:\users\drago\desktop\game programming\students\alvin.tang\ja2dpsg\framework\bin\texturemanager.obj
c:\users\drago\desktop\game programming\students\alvin.tang\ja2dpsg\framework\bin\texture.obj
c:\users\drago\desktop\game programming\students\alvin.tang\ja2dpsg\framework\bin\sprite.obj
c:\users\drago\desktop\game programming\students\alvin.tang\ja2dpsg\framework\bin\splashart.obj
c:\users\drago\desktop\game programming\students\alvin.tang\ja2dpsg\framework\bin\level.obj
c:\users\drago\desktop\game programming\students\alvin.tang\ja2dpsg\framework\bin\enemyfollowplayerstate.obj
c:\users\drago\desktop\game programming\students\alvin.tang\ja2dpsg\framework\bin\enemyaimingstate.obj
c:\users\drago\desktop\game programming\students\alvin.tang\ja2dpsg\bin\framework_debug.exe
c:\users\drago\desktop\game programming\students\alvin.tang\ja2dpsg\bin\framework_debug.ilk
c:\users\drago\desktop\game programming\students\alvin.tang\ja2dpsg\bin\framework_debug.pdb
c:\users\drago\desktop\game programming\students\alvin.tang\ja2dpsg\framework\bin\enemyfindweaponstate.obj.enc
c:\users\drago\desktop\game programming\students\alvin.tang\ja2dpsg\framework\bin\enemyfollowplayerstate.obj.enc
c:\users\drago\desktop\game programming\students\alvin.tang\ja2dpsg\\bin\framework_debug.pdb
c:\users\drago\desktop\game programming\students\alvin.tang\ja2dpsg\\bin\framework_debug.exe
c:\users\drago\desktop\game programming\students\alvin.tang\ja2dpsg\\bin\framework_debug.ilk
c:\users\drago\desktop\game programming\students\alvin.tang\ja2dpsg\framework\bin\framework.tlog\cl.command.1.tlog
c:\users\drago\desktop\game programming\students\alvin.tang\ja2dpsg\framework\bin\framework.tlog\cl.read.1.tlog
c:\users\drago\desktop\game programming\students\alvin.tang\ja2dpsg\framework\bin\framework.tlog\cl.write.1.tlog
c:\users\drago\desktop\game programming\students\alvin.tang\ja2dpsg\framework\bin\framework.tlog\link.command.1.tlog
c:\users\drago\desktop\game programming\students\alvin.tang\ja2dpsg\framework\bin\framework.tlog\link.read.1.tlog
c:\users\drago\desktop\game programming\students\alvin.tang\ja2dpsg\framework\bin\framework.tlog\link.write.1.tlog
