  Ball.cpp
  Blackboard.cpp
  BloodExplosion.cpp
  Box.cpp
  Bullet.cpp
  Character.cpp
  Enemy.cpp
  EnemyAimingState.cpp
  EnemyDeadState.cpp
  EnemyDeathParticle.cpp
  EnemyDeathParticleSystem.cpp
  EnemyFindWeaponState.cpp
  EnemyFollowPlayerState.cpp
  EnemyHeadParticle.cpp
  EnemyStillState.cpp
  Gun.cpp
  Hand.cpp
  Level.cpp
  LevelManager.cpp
  MainMenu.cpp
  Compiling...
  Melee.cpp
  MyContactListener.cpp
  MyUtility.cpp
  ObjectPool.cpp
  Particle.cpp
  ParticleEmitter.cpp
  PickupSensor.cpp
  Pistol.cpp
  Platform.cpp
  Player.cpp
  SoundManager.cpp
  SplashArt.cpp
  Weapon.cpp
  backbuffer.cpp
  entity.cpp
  game.cpp
  inputhandler.cpp
  main.cpp
  Generating code
  0 of 2211 functions ( 0.0%) were compiled, the rest were copied from previous compilation.
    0 functions were new in current compilation
    0 functions had inline decision re-evaluated but remain unchanged
  Finished generating code
  Framework.vcxproj -> C:\Users\drago\Desktop\Game Programming\students\alvin.tang\JA2DPSG\\bin\Framework.exe
